<?xml version="1.0" encoding="UTF-8" ?>
<testsuite tests="16" failures="0" name="SkladTest" time="0.026" errors="0" skipped="0">
  <properties>
    <property name="java.runtime.name" value="Java(TM) SE Runtime Environment"/>
    <property name="java.vm.version" value="11.0.6+8-LTS"/>
    <property name="sun.boot.library.path" value="C:\Program Files\Java\jdk-11.0.6\bin"/>
    <property name="user.country.format" value="SI"/>
    <property name="maven.multiModuleProjectDirectory" value="D:\Drive\2.Letnik\4.semester\Testiranje_in_kakovost\Izzivi\Izziv2\Seznam"/>
    <property name="java.vm.vendor" value="Oracle Corporation"/>
    <property name="java.vendor.url" value="http://java.oracle.com/"/>
    <property name="guice.disable.misplaced.annotation.check" value="true"/>
    <property name="path.separator" value=";"/>
    <property name="java.vm.name" value="Java HotSpot(TM) 64-Bit Server VM"/>
    <property name="sun.os.patch.level" value=""/>
    <property name="user.script" value=""/>
    <property name="user.country" value="US"/>
    <property name="sun.java.launcher" value="SUN_STANDARD"/>
    <property name="java.vm.specification.name" value="Java Virtual Machine Specification"/>
    <property name="user.dir" value="D:\Drive\2.Letnik\4.semester\Testiranje_in_kakovost\Izzivi\Izziv2\Seznam"/>
    <property name="java.vm.compressedOopsMode" value="32-bit"/>
    <property name="java.runtime.version" value="11.0.6+8-LTS"/>
    <property name="java.awt.graphicsenv" value="sun.awt.Win32GraphicsEnvironment"/>
    <property name="os.arch" value="amd64"/>
    <property name="java.io.tmpdir" value="C:\Users\Seba\AppData\Local\Temp\"/>
    <property name="line.separator" value="
"/>
    <property name="java.vm.specification.vendor" value="Oracle Corporation"/>
    <property name="user.variant" value=""/>
    <property name="os.name" value="Windows 10"/>
    <property name="maven.ext.class.path" value="D:\Program Files\NetBeans-11.3\netbeans\java\maven-nblib\netbeans-eventspy.jar"/>
    <property name="classworlds.conf" value="D:\Program Files\NetBeans-11.3\netbeans\java\maven\bin\m2.conf"/>
    <property name="sun.jnu.encoding" value="Cp1252"/>
    <property name="java.library.path" value="C:\Program Files\Java\jdk-11.0.6\bin;C:\Windows\Sun\Java\bin;C:\Windows\system32;C:\Windows;C:\Program Files (x86)\Common Files\Oracle\Java\javapath;C:\Windows\system32;C:\Windows;C:\Windows\System32\Wbem;C:\Windows\System32\WindowsPowerShell\v1.0\;C:\Windows\System32\OpenSSH\;C:\Program Files\NVIDIA Corporation\NVIDIA NvDLISR;C:\Program Files (x86)\NVIDIA Corporation\PhysX\Common;C:\Program Files\Git\cmd;C:\Users\Seba\AppData\Local\Microsoft\WindowsApps;C:\Users\Seba\AppData\Local\Programs\Microsoft VS Code\bin;C:\Users\Seba\AppData\Local\GitHubDesktop\bin;."/>
    <property name="jdk.debug" value="release"/>
    <property name="java.class.version" value="55.0"/>
    <property name="java.specification.name" value="Java Platform API Specification"/>
    <property name="sun.management.compiler" value="HotSpot 64-Bit Tiered Compilers"/>
    <property name="os.version" value="10.0"/>
    <property name="user.home" value="C:\Users\Seba"/>
    <property name="user.timezone" value="Europe/Prague"/>
    <property name="java.awt.printerjob" value="sun.awt.windows.WPrinterJob"/>
    <property name="file.encoding" value="UTF-8"/>
    <property name="java.specification.version" value="11"/>
    <property name="user.name" value="Seba"/>
    <property name="java.class.path" value="D:\Program Files\NetBeans-11.3\netbeans\java\maven\boot\plexus-classworlds-2.5.2.jar"/>
    <property name="java.vm.specification.version" value="11"/>
    <property name="sun.arch.data.model" value="64"/>
    <property name="sun.java.command" value="org.codehaus.plexus.classworlds.launcher.Launcher -Dmaven.ext.class.path=D:\Program Files\NetBeans-11.3\netbeans\java\maven-nblib\netbeans-eventspy.jar -Dfile.encoding=UTF-8 test"/>
    <property name="java.home" value="C:\Program Files\Java\jdk-11.0.6"/>
    <property name="user.language" value="en"/>
    <property name="java.specification.vendor" value="Oracle Corporation"/>
    <property name="user.language.format" value="sl"/>
    <property name="awt.toolkit" value="sun.awt.windows.WToolkit"/>
    <property name="java.vm.info" value="mixed mode"/>
    <property name="java.version" value="11.0.6"/>
    <property name="java.vendor" value="Oracle Corporation"/>
    <property name="maven.home" value="D:\Program Files\NetBeans-11.3\netbeans\java\maven"/>
    <property name="file.separator" value="\"/>
    <property name="java.version.date" value="2020-01-14"/>
    <property name="java.vendor.url.bug" value="http://bugreport.java.com/bugreport/"/>
    <property name="sun.io.unicode.encoding" value="UnicodeLittle"/>
    <property name="sun.cpu.endian" value="little"/>
    <property name="java.vendor.version" value="18.9"/>
    <property name="sun.desktop" value="windows"/>
    <property name="sun.cpu.isalist" value="amd64"/>
  </properties>
  <testcase classname="SkladTest" name="SkladTest.testSize" time="0.002"/>
  <testcase classname="SkladTest" name="SkladTest.testIsEmptyOnEmpty" time="0"/>
  <testcase classname="SkladTest" name="SkladTest.testIsEmptyOnFull" time="0"/>
  <testcase classname="SkladTest" name="SkladTest.testPush" time="0"/>
  <testcase classname="SkladTest" name="SkladTest.testPop" time="0"/>
  <testcase classname="SkladTest" name="SkladTest.testTop" time="0"/>
  <testcase classname="SkladTest" name="SkladTest.testSizeWithTwoElements" time="0"/>
  <testcase classname="SkladTest" name="SkladTest.testSizeWithTenElements" time="0.017"/>
  <testcase classname="SkladTest" name="SkladTest.testTopOnEmptyStack" time="0.001"/>
  <testcase classname="SkladTest" name="SkladTest.testTopImmutability" time="0"/>
  <testcase classname="SkladTest" name="SkladTest.testSizeOnEmptyStack" time="0"/>
  <testcase classname="SkladTest" name="SkladTest.testSizeImmutability" time="0"/>
  <testcase classname="SkladTest" name="SkladTest.testTopWithTwoElements" time="0"/>
  <testcase classname="SkladTest" name="SkladTest.testWithTwoElements" time="0"/>
  <testcase classname="SkladTest" name="SkladTest.testPopOnEmptyStack" time="0.001"/>
  <testcase classname="SkladTest" name="SkladTest.testTopWithTenElements" time="0.005"/>
</testsuite>